INFO: (function: improveOnce) CascadeMinimizer.cc: 167 -- Minimisation configured with Type=Minuit2, Algo=Migrad, strategy=1, tolerance=0.1
INFO: (function: improveOnce) CascadeMinimizer.cc: 190 -- Minimisation finished with status=-1
DEBUG: (function: improveOnce) CascadeMinimizer.cc: 196 -- Minimization ended with latest status != 0 or 1
INFO: (function: asimovDatasetWithFit) AsimovUtils.cc: 69 -- Parameters after fit for asimov dataset
INFO: (function: asimovDatasetWithFit) AsimovUtils.cc: 73 -- alpha1 = 1.07122 (constant)
INFO: (function: asimovDatasetWithFit) AsimovUtils.cc: 73 -- alpha2 = 1.41977 (constant)
INFO: (function: asimovDatasetWithFit) AsimovUtils.cc: 73 -- m0 = 4489.21 (constant)
INFO: (function: asimovDatasetWithFit) AsimovUtils.cc: 73 -- n1 = 1.81469 (constant)
INFO: (function: asimovDatasetWithFit) AsimovUtils.cc: 73 -- n2 = 7.47885 (constant)
INFO: (function: asimovDatasetWithFit) AsimovUtils.cc: 73 -- n_exp_binqstar_proc_background = 196713 (constant)
INFO: (function: asimovDatasetWithFit) AsimovUtils.cc: 73 -- p0 = 0.147598 
INFO: (function: asimovDatasetWithFit) AsimovUtils.cc: 73 -- p1 = 5.86597 
INFO: (function: asimovDatasetWithFit) AsimovUtils.cc: 73 -- p2 = 7.58548 
INFO: (function: asimovDatasetWithFit) AsimovUtils.cc: 73 -- r = 0 (constant)
INFO: (function: asimovDatasetWithFit) AsimovUtils.cc: 73 -- sigma = 222.103 (constant)
INFO: (function: generateAsimov) ToyMCSamplerOpt.cc: 139 -- Using internal logic for binned/unbinned Asimov dataset generation
INFO: (function: generateWithHisto) ToyMCSamplerOpt.cc: 214 -- Generating asimov with histogram for pdf pdf_binqstar: in 30 x-bins
INFO: (function: improveOnce) CascadeMinimizer.cc: 167 -- Minimisation configured with Type=Minuit2, Algo=Migrad, strategy=1, tolerance=0.1
INFO: (function: improveOnce) CascadeMinimizer.cc: 190 -- Minimisation finished with status=0
INFO: (function: improveOnce) CascadeMinimizer.cc: 195 -- Minimization success! status=0
INFO: (function: anyParameterAtBoundaries) utils.cc: 982 -- Found parameter p0 at boundary (within ~1sigma): 0.147598+/-0.151254
INFO: (function: anyParameterAtBoundaries) utils.cc: 982 -- Found parameter p1 at boundary (within ~1sigma): 5.86597+/-0.000512308
INFO: (function: anyParameterAtBoundaries) utils.cc: 982 -- Found parameter p2 at boundary (within ~1sigma): 7.58548+/-0.00544537
INFO: (function: minimize) CascadeMinimizer.cc: 478 -- After fit, some parameters are found at the boundary (within ~1sigma)
INFO: (function: improveOnce) CascadeMinimizer.cc: 167 -- Minimisation configured with Type=Minuit2, Algo=Migrad, strategy=1, tolerance=0.1
INFO: (function: improveOnce) CascadeMinimizer.cc: 190 -- Minimisation finished with status=0
INFO: (function: improveOnce) CascadeMinimizer.cc: 195 -- Minimization success! status=0
INFO: (function: improveOnce) CascadeMinimizer.cc: 167 -- Minimisation configured with Type=Minuit2, Algo=Migrad, strategy=1, tolerance=0.1
INFO: (function: improveOnce) CascadeMinimizer.cc: 190 -- Minimisation finished with status=0
INFO: (function: improveOnce) CascadeMinimizer.cc: 195 -- Minimization success! status=0
INFO: (function: improveOnce) CascadeMinimizer.cc: 167 -- Minimisation configured with Type=Minuit2, Algo=Migrad, strategy=1, tolerance=0.1
INFO: (function: improveOnce) CascadeMinimizer.cc: 190 -- Minimisation finished with status=0
INFO: (function: improveOnce) CascadeMinimizer.cc: 195 -- Minimization success! status=0
INFO: (function: improveOnce) CascadeMinimizer.cc: 167 -- Minimisation configured with Type=Minuit2, Algo=Migrad, strategy=1, tolerance=0.1
INFO: (function: improveOnce) CascadeMinimizer.cc: 190 -- Minimisation finished with status=0
INFO: (function: improveOnce) CascadeMinimizer.cc: 195 -- Minimization success! status=0
INFO: (function: improveOnce) CascadeMinimizer.cc: 167 -- Minimisation configured with Type=Minuit2, Algo=Migrad, strategy=1, tolerance=0.1
INFO: (function: improveOnce) CascadeMinimizer.cc: 190 -- Minimisation finished with status=-1
DEBUG: (function: improveOnce) CascadeMinimizer.cc: 196 -- Minimization ended with latest status != 0 or 1
INFO: (function: improveOnce) CascadeMinimizer.cc: 167 -- Minimisation configured with Type=Minuit2, Algo=Migrad, strategy=1, tolerance=0.1
INFO: (function: improveOnce) CascadeMinimizer.cc: 190 -- Minimisation finished with status=0
INFO: (function: improveOnce) CascadeMinimizer.cc: 195 -- Minimization success! status=0
INFO: (function: improveOnce) CascadeMinimizer.cc: 167 -- Minimisation configured with Type=Minuit2, Algo=Migrad, strategy=1, tolerance=0.1
INFO: (function: improveOnce) CascadeMinimizer.cc: 190 -- Minimisation finished with status=-1
DEBUG: (function: improveOnce) CascadeMinimizer.cc: 196 -- Minimization ended with latest status != 0 or 1
INFO: (function: improveOnce) CascadeMinimizer.cc: 167 -- Minimisation configured with Type=Minuit2, Algo=Migrad, strategy=1, tolerance=0.1
INFO: (function: improveOnce) CascadeMinimizer.cc: 190 -- Minimisation finished with status=-1
DEBUG: (function: improveOnce) CascadeMinimizer.cc: 196 -- Minimization ended with latest status != 0 or 1
INFO: (function: improveOnce) CascadeMinimizer.cc: 167 -- Minimisation configured with Type=Minuit2, Algo=Migrad, strategy=1, tolerance=0.1
INFO: (function: improveOnce) CascadeMinimizer.cc: 190 -- Minimisation finished with status=0
INFO: (function: improveOnce) CascadeMinimizer.cc: 195 -- Minimization success! status=0
INFO: (function: improveOnce) CascadeMinimizer.cc: 167 -- Minimisation configured with Type=Minuit2, Algo=Migrad, strategy=1, tolerance=0.1
INFO: (function: improveOnce) CascadeMinimizer.cc: 190 -- Minimisation finished with status=0
INFO: (function: improveOnce) CascadeMinimizer.cc: 195 -- Minimization success! status=0
INFO: (function: improveOnce) CascadeMinimizer.cc: 167 -- Minimisation configured with Type=Minuit2, Algo=Migrad, strategy=1, tolerance=0.1
INFO: (function: improveOnce) CascadeMinimizer.cc: 190 -- Minimisation finished with status=-1
DEBUG: (function: improveOnce) CascadeMinimizer.cc: 196 -- Minimization ended with latest status != 0 or 1
INFO: (function: improveOnce) CascadeMinimizer.cc: 167 -- Minimisation configured with Type=Minuit2, Algo=Migrad, strategy=1, tolerance=0.1
INFO: (function: improveOnce) CascadeMinimizer.cc: 190 -- Minimisation finished with status=0
INFO: (function: improveOnce) CascadeMinimizer.cc: 195 -- Minimization success! status=0
INFO: (function: runLimitExpected) AsymptoticLimits.cc: 436 -- Median for expected limits = 0.00146484 (Sigma for expected limits = 0.000747383)
INFO: (function: improveOnce) CascadeMinimizer.cc: 167 -- Minimisation configured with Type=Minuit2, Algo=Migrad, strategy=1, tolerance=0.1
INFO: (function: improveOnce) CascadeMinimizer.cc: 190 -- Minimisation finished with status=-1
DEBUG: (function: improveOnce) CascadeMinimizer.cc: 196 -- Minimization ended with latest status != 0 or 1
DEBUG: (function: findExpectedLimitFromCrossing) AsymptoticLimits.cc: 678 -- fail search for crossing of r between 0.001099 and 0.001465
INFO: (function: improveOnce) CascadeMinimizer.cc: 167 -- Minimisation configured with Type=Minuit2, Algo=Migrad, strategy=1, tolerance=0.1
INFO: (function: improveOnce) CascadeMinimizer.cc: 190 -- Minimisation finished with status=0
INFO: (function: improveOnce) CascadeMinimizer.cc: 195 -- Minimization success! status=0
INFO: (function: anyParameterAtBoundaries) utils.cc: 982 -- Found parameter p0 at boundary (within ~1sigma): 0.14851+/-0.117885
INFO: (function: anyParameterAtBoundaries) utils.cc: 982 -- Found parameter p1 at boundary (within ~1sigma): 5.86597+/-5.71858e-05
INFO: (function: anyParameterAtBoundaries) utils.cc: 982 -- Found parameter p2 at boundary (within ~1sigma): 7.58548+/-0.000542672
INFO: (function: minimize) CascadeMinimizer.cc: 478 -- After fit, some parameters are found at the boundary (within ~1sigma)
INFO: (function: runLimit) AsymptoticLimits.cc: 193 -- NLL at global minimum of data = -2106.27 (r=1.02695)
INFO: (function: improveOnce) CascadeMinimizer.cc: 167 -- Minimisation configured with Type=Minuit2, Algo=Migrad, strategy=1, tolerance=0.1
INFO: (function: improveOnce) CascadeMinimizer.cc: 190 -- Minimisation finished with status=0
INFO: (function: improveOnce) CascadeMinimizer.cc: 195 -- Minimization success! status=0
INFO: (function: anyParameterAtBoundaries) utils.cc: 982 -- Found parameter p0 at boundary (within ~1sigma): 0.143956+/-0.127531
INFO: (function: anyParameterAtBoundaries) utils.cc: 982 -- Found parameter p1 at boundary (within ~1sigma): 5.86597+/-0.000134066
INFO: (function: anyParameterAtBoundaries) utils.cc: 982 -- Found parameter p2 at boundary (within ~1sigma): 7.58548+/-0.00142271
INFO: (function: minimize) CascadeMinimizer.cc: 478 -- After fit, some parameters are found at the boundary (within ~1sigma)
INFO: (function: runLimit) AsymptoticLimits.cc: 213 -- NLL at global minimum of asimov = -14399.1 (r=0.000122418)
INFO: (function: improveOnce) CascadeMinimizer.cc: 167 -- Minimisation configured with Type=Minuit2, Algo=Migrad, strategy=1, tolerance=0.1
INFO: (function: improveOnce) CascadeMinimizer.cc: 190 -- Minimisation finished with status=-1
DEBUG: (function: improveOnce) CascadeMinimizer.cc: 196 -- Minimization ended with latest status != 0 or 1
INFO: (function: improveOnce) CascadeMinimizer.cc: 167 -- Minimisation configured with Type=Minuit2, Algo=Migrad, strategy=1, tolerance=0.1
INFO: (function: improveOnce) CascadeMinimizer.cc: 190 -- Minimisation finished with status=-1
DEBUG: (function: improveOnce) CascadeMinimizer.cc: 196 -- Minimization ended with latest status != 0 or 1
INFO: (function: getCLs) AsymptoticLimits.cc: 343 -- At r = 2.226949:	q_mu = 5922.80329	q_A  = 32154.44537	CLsb = 0.00000	CLb  = 1.00000	CLs  = 0.00000
INFO: (function: improveOnce) CascadeMinimizer.cc: 167 -- Minimisation configured with Type=Minuit2, Algo=Migrad, strategy=1, tolerance=0.1
INFO: (function: improveOnce) CascadeMinimizer.cc: 190 -- Minimisation finished with status=0
INFO: (function: improveOnce) CascadeMinimizer.cc: 195 -- Minimization success! status=0
INFO: (function: improveOnce) CascadeMinimizer.cc: 167 -- Minimisation configured with Type=Minuit2, Algo=Migrad, strategy=1, tolerance=0.1
INFO: (function: improveOnce) CascadeMinimizer.cc: 190 -- Minimisation finished with status=-1
DEBUG: (function: improveOnce) CascadeMinimizer.cc: 196 -- Minimization ended with latest status != 0 or 1
INFO: (function: getCLs) AsymptoticLimits.cc: 343 -- At r = 1.626949:	q_mu = 1856.04776	q_A  = 23295.17418	CLsb = 0.00000	CLb  = 1.00000	CLs  = 0.00000
INFO: (function: improveOnce) CascadeMinimizer.cc: 167 -- Minimisation configured with Type=Minuit2, Algo=Migrad, strategy=1, tolerance=0.1
INFO: (function: improveOnce) CascadeMinimizer.cc: 190 -- Minimisation finished with status=-1
DEBUG: (function: improveOnce) CascadeMinimizer.cc: 196 -- Minimization ended with latest status != 0 or 1
INFO: (function: improveOnce) CascadeMinimizer.cc: 167 -- Minimisation configured with Type=Minuit2, Algo=Migrad, strategy=1, tolerance=0.1
INFO: (function: improveOnce) CascadeMinimizer.cc: 190 -- Minimisation finished with status=0
INFO: (function: improveOnce) CascadeMinimizer.cc: 195 -- Minimization success! status=0
INFO: (function: getCLs) AsymptoticLimits.cc: 343 -- At r = 1.326949:	q_mu = 534.22652	q_A  = 18885.69859	CLsb = 0.00000	CLb  = 1.00000	CLs  = 0.00000
INFO: (function: improveOnce) CascadeMinimizer.cc: 167 -- Minimisation configured with Type=Minuit2, Algo=Migrad, strategy=1, tolerance=0.1
INFO: (function: improveOnce) CascadeMinimizer.cc: 190 -- Minimisation finished with status=0
INFO: (function: improveOnce) CascadeMinimizer.cc: 195 -- Minimization success! status=0
INFO: (function: improveOnce) CascadeMinimizer.cc: 167 -- Minimisation configured with Type=Minuit2, Algo=Migrad, strategy=1, tolerance=0.1
INFO: (function: improveOnce) CascadeMinimizer.cc: 190 -- Minimisation finished with status=-1
DEBUG: (function: improveOnce) CascadeMinimizer.cc: 196 -- Minimization ended with latest status != 0 or 1
INFO: (function: getCLs) AsymptoticLimits.cc: 343 -- At r = 1.176949:	q_mu = 144.76008	q_A  = 16687.68443	CLsb = 0.00000	CLb  = 1.00000	CLs  = 0.00000
INFO: (function: improveOnce) CascadeMinimizer.cc: 167 -- Minimisation configured with Type=Minuit2, Algo=Migrad, strategy=1, tolerance=0.1
INFO: (function: improveOnce) CascadeMinimizer.cc: 190 -- Minimisation finished with status=0
INFO: (function: improveOnce) CascadeMinimizer.cc: 195 -- Minimization success! status=0
INFO: (function: improveOnce) CascadeMinimizer.cc: 167 -- Minimisation configured with Type=Minuit2, Algo=Migrad, strategy=1, tolerance=0.1
INFO: (function: improveOnce) CascadeMinimizer.cc: 190 -- Minimisation finished with status=0
INFO: (function: improveOnce) CascadeMinimizer.cc: 195 -- Minimization success! status=0
INFO: (function: getCLs) AsymptoticLimits.cc: 343 -- At r = 1.101949:	q_mu = 37.78207	q_A  = 15590.68085	CLsb = 0.00000	CLb  = 1.00000	CLs  = 0.00000
INFO: (function: improveOnce) CascadeMinimizer.cc: 167 -- Minimisation configured with Type=Minuit2, Algo=Migrad, strategy=1, tolerance=0.1
INFO: (function: improveOnce) CascadeMinimizer.cc: 190 -- Minimisation finished with status=-1
DEBUG: (function: improveOnce) CascadeMinimizer.cc: 196 -- Minimization ended with latest status != 0 or 1
INFO: (function: improveOnce) CascadeMinimizer.cc: 167 -- Minimisation configured with Type=Minuit2, Algo=Migrad, strategy=1, tolerance=0.1
INFO: (function: improveOnce) CascadeMinimizer.cc: 190 -- Minimisation finished with status=0
INFO: (function: improveOnce) CascadeMinimizer.cc: 195 -- Minimization success! status=0
INFO: (function: getCLs) AsymptoticLimits.cc: 343 -- At r = 1.064449:	q_mu = 9.65047	q_A  = 15042.73198	CLsb = 0.00095	CLb  = 1.00000	CLs  = 0.00095
INFO: (function: improveOnce) CascadeMinimizer.cc: 167 -- Minimisation configured with Type=Minuit2, Algo=Migrad, strategy=1, tolerance=0.1
INFO: (function: improveOnce) CascadeMinimizer.cc: 190 -- Minimisation finished with status=-1
DEBUG: (function: improveOnce) CascadeMinimizer.cc: 196 -- Minimization ended with latest status != 0 or 1
INFO: (function: improveOnce) CascadeMinimizer.cc: 167 -- Minimisation configured with Type=Minuit2, Algo=Migrad, strategy=1, tolerance=0.1
INFO: (function: improveOnce) CascadeMinimizer.cc: 190 -- Minimisation finished with status=0
INFO: (function: improveOnce) CascadeMinimizer.cc: 195 -- Minimization success! status=0
INFO: (function: getCLs) AsymptoticLimits.cc: 343 -- At r = 1.045699:	q_mu = 2.43441	q_A  = 14768.90329	CLsb = 0.05935	CLb  = 1.00000	CLs  = 0.05935
INFO: (function: improveOnce) CascadeMinimizer.cc: 167 -- Minimisation configured with Type=Minuit2, Algo=Migrad, strategy=1, tolerance=0.1
INFO: (function: improveOnce) CascadeMinimizer.cc: 190 -- Minimisation finished with status=0
INFO: (function: improveOnce) CascadeMinimizer.cc: 195 -- Minimization success! status=0
INFO: (function: improveOnce) CascadeMinimizer.cc: 167 -- Minimisation configured with Type=Minuit2, Algo=Migrad, strategy=1, tolerance=0.1
INFO: (function: improveOnce) CascadeMinimizer.cc: 190 -- Minimisation finished with status=0
INFO: (function: improveOnce) CascadeMinimizer.cc: 195 -- Minimization success! status=0
INFO: (function: getCLs) AsymptoticLimits.cc: 343 -- At r = 1.055074:	q_mu = 5.45515	q_A  = 14905.80525	CLsb = 0.00976	CLb  = 1.00000	CLs  = 0.00976
INFO: (function: improveOnce) CascadeMinimizer.cc: 167 -- Minimisation configured with Type=Minuit2, Algo=Migrad, strategy=1, tolerance=0.1
INFO: (function: improveOnce) CascadeMinimizer.cc: 190 -- Minimisation finished with status=0
INFO: (function: improveOnce) CascadeMinimizer.cc: 195 -- Minimization success! status=0
INFO: (function: improveOnce) CascadeMinimizer.cc: 167 -- Minimisation configured with Type=Minuit2, Algo=Migrad, strategy=1, tolerance=0.1
INFO: (function: improveOnce) CascadeMinimizer.cc: 190 -- Minimisation finished with status=0
INFO: (function: improveOnce) CascadeMinimizer.cc: 195 -- Minimization success! status=0
INFO: (function: getCLs) AsymptoticLimits.cc: 343 -- At r = 1.050386:	q_mu = 3.79668	q_A  = 14837.35115	CLsb = 0.02568	CLb  = 1.00000	CLs  = 0.02568
